[info] Log at : 2025/7/12|15:46:29|GMT+0800

[info] Log at : 2025/7/12|15:46:34|GMT+0800

[info] Log at : 2025/7/15|15:28:30|GMT+0800

[info] Log at : 2025/7/15|15:28:35|GMT+0800

[info] Log at : 2025/7/16|08:54:54|GMT+0800

[info] Log at : 2025/7/16|09:20:40|GMT+0800

[info] Log at : 2025/7/16|09:42:18|GMT+0800

[info] Log at : 2025/7/16|09:42:24|GMT+0800

[info] Log at : 2025/7/17|10:29:23|GMT+0800

[info] Log at : 2025/7/17|14:42:12|GMT+0800

[info] Log at : 2025/7/18|09:10:13|GMT+0800

[info] Log at : 2025/7/18|21:17:25|GMT+0800

[info] Log at : 2025/7/28|12:13:03|GMT+0800

[info] Log at : 2025/7/28|12:51:48|GMT+0800

[info] Log at : 2025/7/28|12:52:21|GMT+0800

[info] Log at : 2025/7/29|09:32:24|GMT+0800

[info] Log at : 2025/7/30|09:51:15|GMT+0800

[info] Log at : 2025/7/30|18:58:18|GMT+0800

[info] Log at : 2025/8/12|12:26:51|GMT+0800

[info] Log at : 2025/8/12|12:43:00|GMT+0800

[info] Log at : 2025/8/13|08:55:24|GMT+0800

[info] Log at : 2025/8/14|09:21:11|GMT+0800

[info] Log at : 2025/8/14|09:21:22|GMT+0800

[info] Log at : 2025/8/15|00:18:46|GMT+0800

[info] Log at : 2025/8/15|13:53:51|GMT+0800

[info] Log at : 2025/8/15|14:22:48|GMT+0800

[info] Log at : 2025/8/15|16:10:09|GMT+0800

[info] Log at : 2025/8/15|16:10:14|GMT+0800

[info] Log at : 2025/8/15|23:28:50|GMT+0800

[info] Log at : 2025/8/17|15:51:11|GMT+0800

[info] Log at : 2025/8/18|15:32:21|GMT+0800

[info] Log at : 2025/8/18|15:33:08|GMT+0800

[info] Log at : 2025/8/18|15:33:11|GMT+0800

[info] Log at : 2025/8/22|15:45:41|GMT+0800

[info] Log at : 2025/8/22|15:45:44|GMT+0800

[info] Log at : 2025/8/23|09:35:03|GMT+0800

[info] Log at : 2025/8/23|11:00:44|GMT+0800

[info] Log at : 2025/8/29|14:06:05|GMT+0800

[info] Log at : 2025/9/1|13:23:26|GMT+0800

[info] Log at : 2025/9/1|13:23:46|GMT+0800

[info] Log at : 2025/9/1|13:26:24|GMT+0800

[info] Log at : 2025/9/1|13:33:11|GMT+0800

[info] Log at : 2025/9/1|13:33:41|GMT+0800

[info] Log at : 2025/9/1|13:35:07|GMT+0800

[info] Log at : 2025/9/1|13:35:12|GMT+0800

[info] Log at : 2025/9/2|16:06:14|GMT+0800

[info] Log at : 2025/9/2|16:28:25|GMT+0800

[info] Log at : 2025/9/2|16:28:29|GMT+0800

[info] Log at : 2025/9/2|16:32:48|GMT+0800

[info] Log at : 2025/9/3|19:39:06|GMT+0800

[info] Log at : 2025/9/3|19:39:11|GMT+0800

[info] Log at : 2025/9/5|10:08:12|GMT+0800

[info] Log at : 2025/9/5|10:08:16|GMT+0800

[info] Log at : 2025/9/5|10:12:34|GMT+0800

[info] Log at : 2025/9/5|10:12:38|GMT+0800

[info] Log at : 2025/9/10|15:11:56|GMT+0800

[info] Log at : 2025/9/10|15:12:00|GMT+0800

[info] Log at : 2025/9/11|16:08:42|GMT+0800

[info] Log at : 2025/9/14|09:58:25|GMT+0800

[info] Log at : 2025/9/14|09:58:30|GMT+0800

[info] Log at : 2025/9/14|14:43:17|GMT+0800

[info] Log at : 2025/9/17|10:41:24|GMT+0800

[info] Log at : 2025/9/17|10:41:28|GMT+0800

[info] Log at : 2025/9/17|15:54:45|GMT+0800

[info] Log at : 2025/9/18|14:13:34|GMT+0800

[info] Log at : 2025/9/18|14:13:38|GMT+0800

[info] Log at : 2025/9/22|13:10:36|GMT+0800

[info] Log at : 2025/9/22|13:10:40|GMT+0800

[info] Log at : 2025/9/22|15:52:20|GMT+0800

[info] Log at : 2025/9/22|15:52:24|GMT+0800

[info] Log at : 2025/9/22|16:08:17|GMT+0800

[info] Log at : 2025/9/22|16:08:22|GMT+0800

[info] Log at : 2025/9/23|13:53:01|GMT+0800

[info] Log at : 2025/9/23|13:53:05|GMT+0800

[info] Log at : 2025/9/25|10:08:06|GMT+0800

[info] Log at : 2025/9/25|10:08:10|GMT+0800

[info] Log at : 2025/10/9|09:15:39|GMT+0800

[info] Log at : 2025/10/9|09:15:42|GMT+0800

[info] Log at : 2025/10/9|17:29:44|GMT+0800

[info] Log at : 2025/10/9|17:37:21|GMT+0800

[info] Log at : 2025/10/26|16:59:09|GMT+0800

[info] Log at : 2025/10/26|16:59:16|GMT+0800

[info] Log at : 2025/10/27|10:20:53|GMT+0800

[info] Log at : 2025/10/27|19:03:00|GMT+0800

[info] Log at : 2025/11/5|19:22:16|GMT+0800

[info] Log at : 2025/11/5|19:22:20|GMT+0800

[info] Log at : 2025/11/5|20:05:11|GMT+0800

[info] Log at : 2025/11/7|10:34:56|GMT+0800

[info] Log at : 2025/11/8|00:11:56|GMT+0800

[info] Log at : 2025/11/20|16:02:30|GMT+0800

[info] Log at : 2025/11/20|16:02:33|GMT+0800

[info] Log at : 2025/11/20|16:20:18|GMT+0800

[info] Log at : 2025/11/26|15:30:59|GMT+0800

[info] Log at : 2025/11/26|15:31:05|GMT+0800

[info] Log at : 2025/11/27|14:13:09|GMT+0800

[info] Log at : 2025/11/27|14:17:49|GMT+0800

[info] Log at : 2025/11/27|14:17:53|GMT+0800

[info] Log at : 2025/11/28|09:44:17|GMT+0800

[info] Log at : 2025/12/1|09:09:44|GMT+0800

[info] project closed: CAN
[info] Log at : 2025/12/2|14:28:36|GMT+0800

[info] Log at : 2025/12/3|14:23:50|GMT+0800

[info] Log at : 2025/12/3|14:23:55|GMT+0800

[info] Log at : 2025/12/3|15:42:23|GMT+0800

[info] Log at : 2025/12/3|15:42:27|GMT+0800

[info] Log at : 2025/12/3|17:54:15|GMT+0800

[info] Log at : 2025/12/8|14:40:52|GMT+0800

[info] Log at : 2025/12/8|14:40:56|GMT+0800

[info] Log at : 2025/12/10|14:05:51|GMT+0800

[info] Log at : 2025/12/10|14:05:55|GMT+0800

[info] Log at : 2025/12/10|14:06:18|GMT+0800

[info] Log at : 2025/12/11|09:13:25|GMT+0800

[info] Log at : 2025/12/15|13:19:16|GMT+0800

[info] Log at : 2025/12/15|13:19:21|GMT+0800

[info] Log at : 2025/12/16|10:26:48|GMT+0800

[info] Log at : 2025/12/18|09:37:51|GMT+0800

[info] Log at : 2025/12/19|15:22:27|GMT+0800

[info] Log at : 2025/12/22|09:34:09|GMT+0800

[info] Log at : 2025/12/22|09:34:14|GMT+0800

[info] Log at : 2025/12/22|09:37:52|GMT+0800

[info] Log at : 2025/12/22|09:37:55|GMT+0800

[info] Log at : 2025/12/22|21:27:46|GMT+0800

[info] Log at : 2025/12/22|21:27:53|GMT+0800

[info] Log at : 2025/12/24|10:28:19|GMT+0800

[info] Log at : 2025/12/25|15:28:51|GMT+0800

[info] Log at : 2025/12/25|15:45:32|GMT+0800

[info] Log at : 2025/12/29|13:44:29|GMT+0800

[info] Log at : 2025/12/29|16:49:53|GMT+0800

[info] Log at : 2025/12/30|12:06:33|GMT+0800

[info] Log at : 2026/1/5|13:29:26|GMT+0800

[info] Log at : 2026/1/5|13:29:29|GMT+0800

[info] Log at : 2026/1/7|12:32:06|GMT+0800

[info] Log at : 2026/1/8|14:37:46|GMT+0800

[info] Log at : 2026/1/9|09:21:43|GMT+0800

[SyntaxError: Unexpected token ',', ..."ARE\\LCD",,
        "... is not valid JSON
	at JSON.parse (<anonymous>)
	at F.updateCppProperties (c:\Users\22104\.vscode\extensions\cl.keil-assistant-1.7.0\dist\extension.js:1:10849)
	at F.<anonymous> (c:\Users\22104\.vscode\extensions\cl.keil-assistant-1.7.0\dist\extension.js:1:12579)
	at Generator.next (<anonymous>)
	at c:\Users\22104\.vscode\extensions\cl.keil-assistant-1.7.0\dist\extension.js:1:4480
	at new Promise (<anonymous>)
	at r (c:\Users\22104\.vscode\extensions\cl.keil-assistant-1.7.0\dist\extension.js:1:4225)
	at F.load (c:\Users\22104\.vscode\extensions\cl.keil-assistant-1.7.0\dist\extension.js:1:11310)
	at w.<anonymous> (c:\Users\22104\.vscode\extensions\cl.keil-assistant-1.7.0\dist\extension.js:1:8737)
	at Generator.next (<anonymous>)
	at a (c:\Users\22104\.vscode\extensions\cl.keil-assistant-1.7.0\dist\extension.js:1:4282)
	at process.processTicksAndRejections (node:internal/process/task_queues:105:5)]
[info] Log at : 2026/1/9|15:44:16|GMT+0800

[info] Log at : 2026/1/29|15:04:26|GMT+0800

[info] Log at : 2026/1/29|15:04:31|GMT+0800

[info] Log at : 2026/2/2|15:54:50|GMT+0800

[info] Log at : 2026/2/2|15:54:55|GMT+0800

[info] Log at : 2026/3/9|16:29:46|GMT+0800

[info] Log at : 2026/3/9|16:29:50|GMT+0800

[info] Log at : 2026/6/16|17:16:50|GMT+0800

[info] Log at : 2026/6/16|17:16:55|GMT+0800

[info] Log at : 2026/6/16|17:22:13|GMT+0800

[info] Log at : 2026/6/16|17:22:19|GMT+0800

